/*C7*/SET SCHEMA PUBLIC
CONNECT USER SA
/*C8*/SET SCHEMA PUBLIC
CONNECT USER SA
INSERT INTO USER VALUES(6,'AGNES','1234','367 GLEN')
/*C9*/SET SCHEMA PUBLIC
CONNECT USER SA
/*C8*/DISCONNECT
/*C9*/DISCONNECT
/*C10*/SET SCHEMA PUBLIC
CONNECT USER SA
/*C11*/SET SCHEMA PUBLIC
CONNECT USER SA
/*C12*/SET SCHEMA PUBLIC
CONNECT USER SA
/*C11*/DISCONNECT
/*C10*/DISCONNECT
/*C12*/DISCONNECT
/*C13*/SET SCHEMA PUBLIC
CONNECT USER SA
/*C14*/SET SCHEMA PUBLIC
CONNECT USER SA
DISCONNECT
/*C13*/DISCONNECT
/*C15*/SET SCHEMA PUBLIC
CONNECT USER SA
DISCONNECT
/*C16*/SET SCHEMA PUBLIC
CONNECT USER SA
DISCONNECT
/*C17*/SET SCHEMA PUBLIC
CONNECT USER SA
/*C18*/SET SCHEMA PUBLIC
CONNECT USER SA
/*C19*/SET SCHEMA PUBLIC
CONNECT USER SA
/*C20*/SET SCHEMA PUBLIC
CONNECT USER SA
/*C17*/DISCONNECT
/*C19*/DISCONNECT
/*C18*/DISCONNECT
/*C20*/DISCONNECT
/*C21*/SET SCHEMA PUBLIC
CONNECT USER SA
/*C22*/SET SCHEMA PUBLIC
CONNECT USER SA
/*C21*/DISCONNECT
/*C22*/DISCONNECT
/*C23*/SET SCHEMA PUBLIC
CONNECT USER SA
DISCONNECT
